<?xml version="1.0" encoding="UTF-8"?>
<coverage generated="1521945274151" clover="3.2.0">
  <project timestamp="1521945274151" name="All files">
    <metrics statements="101" coveredstatements="57" conditionals="12" coveredconditionals="4" methods="15" coveredmethods="5" elements="128" coveredelements="66" complexity="0" loc="101" ncloc="101" packages="4" files="8" classes="8">
      <package name="express-url-shortener">
        <metrics statements="26" coveredstatements="18" conditionals="4" coveredconditionals="0" methods="2" coveredmethods="0"/>
        <file name="app.js" path="C:\Users\benjamin.pk.ang\Code\express-url-shortener\app.js">
          <metrics statements="26" coveredstatements="18" conditionals="4" coveredconditionals="0" methods="2" coveredmethods="0"/>
          <line num="1" count="1" type="stmt"/>
          <line num="2" count="1" type="stmt"/>
          <line num="3" count="1" type="stmt"/>
          <line num="4" count="1" type="stmt"/>
          <line num="5" count="1" type="stmt"/>
          <line num="6" count="1" type="stmt"/>
          <line num="7" count="1" type="stmt"/>
          <line num="10" count="1" type="stmt"/>
          <line num="11" count="1" type="stmt"/>
          <line num="13" count="1" type="stmt"/>
          <line num="14" count="1" type="stmt"/>
          <line num="15" count="1" type="stmt"/>
          <line num="16" count="1" type="stmt"/>
          <line num="17" count="1" type="stmt"/>
          <line num="18" count="1" type="stmt"/>
          <line num="21" count="1" type="stmt"/>
          <line num="22" count="0" type="stmt"/>
          <line num="23" count="0" type="stmt"/>
          <line num="24" count="0" type="stmt"/>
          <line num="28" count="1" type="stmt"/>
          <line num="30" count="0" type="stmt"/>
          <line num="31" count="0" type="cond" truecount="0" falsecount="2"/>
          <line num="34" count="0" type="cond" truecount="0" falsecount="2"/>
          <line num="35" count="0" type="stmt"/>
          <line num="36" count="0" type="stmt"/>
          <line num="39" count="1" type="stmt"/>
        </file>
      </package>
      <package name="express-url-shortener.demo">
        <metrics statements="11" coveredstatements="11" conditionals="4" coveredconditionals="4" methods="5" coveredmethods="5"/>
        <file name="decode.js" path="C:\Users\benjamin.pk.ang\Code\express-url-shortener\demo\decode.js">
          <metrics statements="7" coveredstatements="7" conditionals="2" coveredconditionals="2" methods="3" coveredmethods="3"/>
          <line num="1" count="2" type="stmt"/>
          <line num="4" count="8" type="stmt"/>
          <line num="6" count="4" type="cond" truecount="2" falsecount="0"/>
          <line num="7" count="1" type="stmt"/>
          <line num="10" count="6" type="stmt"/>
          <line num="11" count="3" type="stmt"/>
          <line num="14" count="2" type="stmt"/>
        </file>
        <file name="encode.js" path="C:\Users\benjamin.pk.ang\Code\express-url-shortener\demo\encode.js">
          <metrics statements="4" coveredstatements="4" conditionals="2" coveredconditionals="2" methods="2" coveredmethods="2"/>
          <line num="1" count="2" type="stmt"/>
          <line num="4" count="10" type="stmt"/>
          <line num="6" count="5" type="cond" truecount="2" falsecount="0"/>
          <line num="11" count="2" type="stmt"/>
        </file>
      </package>
      <package name="express-url-shortener.model">
        <metrics statements="4" coveredstatements="4" conditionals="0" coveredconditionals="0" methods="0" coveredmethods="0"/>
        <file name="URL_model.js" path="C:\Users\benjamin.pk.ang\Code\express-url-shortener\model\URL_model.js">
          <metrics statements="4" coveredstatements="4" conditionals="0" coveredconditionals="0" methods="0" coveredmethods="0"/>
          <line num="1" count="1" type="stmt"/>
          <line num="3" count="1" type="stmt"/>
          <line num="13" count="1" type="stmt"/>
          <line num="15" count="1" type="stmt"/>
        </file>
      </package>
      <package name="express-url-shortener.routes">
        <metrics statements="60" coveredstatements="24" conditionals="4" coveredconditionals="0" methods="8" coveredmethods="0"/>
        <file name="expandURL.js" path="C:\Users\benjamin.pk.ang\Code\express-url-shortener\routes\expandURL.js">
          <metrics statements="15" coveredstatements="6" conditionals="0" coveredconditionals="0" methods="2" coveredmethods="0"/>
          <line num="1" count="1" type="stmt"/>
          <line num="2" count="1" type="stmt"/>
          <line num="3" count="1" type="stmt"/>
          <line num="4" count="1" type="stmt"/>
          <line num="6" count="1" type="stmt"/>
          <line num="7" count="0" type="stmt"/>
          <line num="9" count="0" type="stmt"/>
          <line num="10" count="0" type="stmt"/>
          <line num="11" count="0" type="stmt"/>
          <line num="14" count="0" type="stmt"/>
          <line num="15" count="0" type="stmt"/>
          <line num="17" count="0" type="stmt"/>
          <line num="19" count="0" type="stmt"/>
          <line num="20" count="0" type="stmt"/>
          <line num="26" count="1" type="stmt"/>
        </file>
        <file name="getHash.js" path="C:\Users\benjamin.pk.ang\Code\express-url-shortener\routes\getHash.js">
          <metrics statements="14" coveredstatements="6" conditionals="0" coveredconditionals="0" methods="2" coveredmethods="0"/>
          <line num="1" count="1" type="stmt"/>
          <line num="2" count="1" type="stmt"/>
          <line num="3" count="1" type="stmt"/>
          <line num="4" count="1" type="stmt"/>
          <line num="7" count="1" type="stmt"/>
          <line num="8" count="0" type="stmt"/>
          <line num="9" count="0" type="stmt"/>
          <line num="10" count="0" type="stmt"/>
          <line num="11" count="0" type="stmt"/>
          <line num="14" count="0" type="stmt"/>
          <line num="15" count="0" type="stmt"/>
          <line num="17" count="0" type="stmt"/>
          <line num="18" count="0" type="stmt"/>
          <line num="24" count="1" type="stmt"/>
        </file>
        <file name="shortenURL.js" path="C:\Users\benjamin.pk.ang\Code\express-url-shortener\routes\shortenURL.js">
          <metrics statements="22" coveredstatements="7" conditionals="4" coveredconditionals="0" methods="3" coveredmethods="0"/>
          <line num="1" count="1" type="stmt"/>
          <line num="2" count="1" type="stmt"/>
          <line num="3" count="1" type="stmt"/>
          <line num="4" count="1" type="stmt"/>
          <line num="5" count="1" type="stmt"/>
          <line num="7" count="1" type="stmt"/>
          <line num="8" count="0" type="stmt"/>
          <line num="9" count="0" type="stmt"/>
          <line num="10" count="0" type="cond" truecount="0" falsecount="2"/>
          <line num="11" count="0" type="stmt"/>
          <line num="12" count="0" type="stmt"/>
          <line num="14" count="0" type="stmt"/>
          <line num="15" count="0" type="stmt"/>
          <line num="17" count="0" type="cond" truecount="0" falsecount="2"/>
          <line num="18" count="0" type="stmt"/>
          <line num="20" count="0" type="stmt"/>
          <line num="25" count="0" type="stmt"/>
          <line num="29" count="0" type="stmt"/>
          <line num="31" count="0" type="stmt"/>
          <line num="36" count="0" type="stmt"/>
          <line num="37" count="0" type="stmt"/>
          <line num="41" count="1" type="stmt"/>
        </file>
        <file name="showURL.js" path="C:\Users\benjamin.pk.ang\Code\express-url-shortener\routes\showURL.js">
          <metrics statements="9" coveredstatements="5" conditionals="0" coveredconditionals="0" methods="1" coveredmethods="0"/>
          <line num="1" count="1" type="stmt"/>
          <line num="2" count="1" type="stmt"/>
          <line num="3" count="1" type="stmt"/>
          <line num="5" count="1" type="stmt"/>
          <line num="6" count="0" type="stmt"/>
          <line num="7" count="0" type="stmt"/>
          <line num="8" count="0" type="stmt"/>
          <line num="10" count="0" type="stmt"/>
          <line num="14" count="1" type="stmt"/>
        </file>
      </package>
    </metrics>
  </project>
</coverage>
