{"C:\\Users\\benjamin.pk.ang\\Code\\express-url-shortener\\app.js": {"path":"C:\\Users\\benjamin.pk.ang\\Code\\express-url-shortener\\app.js","statementMap":{"0":{"start":{"line":1,"column":16},"end":{"line":1,"column":34}},"1":{"start":{"line":2,"column":19},"end":{"line":2,"column":41}},"2":{"start":{"line":3,"column":14},"end":{"line":3,"column":30}},"3":{"start":{"line":4,"column":19},"end":{"line":4,"column":49}},"4":{"start":{"line":5,"column":16},"end":{"line":5,"column":43}},"5":{"start":{"line":6,"column":18},"end":{"line":6,"column":47}},"6":{"start":{"line":7,"column":16},"end":{"line":7,"column":43}},"7":{"start":{"line":10,"column":15},"end":{"line":10,"column":39}},"8":{"start":{"line":11,"column":15},"end":{"line":11,"column":39}},"9":{"start":{"line":13,"column":12},"end":{"line":13,"column":21}},"10":{"start":{"line":14,"column":0},"end":{"line":14,"column":27}},"11":{"start":{"line":15,"column":0},"end":{"line":15,"column":36}},"12":{"start":{"line":16,"column":0},"end":{"line":16,"column":22}},"13":{"start":{"line":17,"column":0},"end":{"line":17,"column":34}},"14":{"start":{"line":18,"column":0},"end":{"line":18,"column":22}},"15":{"start":{"line":21,"column":0},"end":{"line":25,"column":3}},"16":{"start":{"line":22,"column":14},"end":{"line":22,"column":36}},"17":{"start":{"line":23,"column":2},"end":{"line":23,"column":19}},"18":{"start":{"line":24,"column":2},"end":{"line":24,"column":12}},"19":{"start":{"line":28,"column":0},"end":{"line":37,"column":3}},"20":{"start":{"line":30,"column":2},"end":{"line":30,"column":35}},"21":{"start":{"line":31,"column":2},"end":{"line":31,"column":69}},"22":{"start":{"line":34,"column":2},"end":{"line":34,"column":32}},"23":{"start":{"line":35,"column":2},"end":{"line":35,"column":19}},"24":{"start":{"line":36,"column":2},"end":{"line":36,"column":20}},"25":{"start":{"line":39,"column":0},"end":{"line":39,"column":21}}},"fnMap":{"0":{"name":"(anonymous_0)","decl":{"start":{"line":21,"column":8},"end":{"line":21,"column":9}},"loc":{"start":{"line":21,"column":33},"end":{"line":25,"column":1}},"line":21},"1":{"name":"(anonymous_1)","decl":{"start":{"line":28,"column":8},"end":{"line":28,"column":9}},"loc":{"start":{"line":28,"column":38},"end":{"line":37,"column":1}},"line":28}},"branchMap":{"0":{"loc":{"start":{"line":31,"column":21},"end":{"line":31,"column":68}},"type":"cond-expr","locations":[{"start":{"line":31,"column":60},"end":{"line":31,"column":63}},{"start":{"line":31,"column":66},"end":{"line":31,"column":68}}],"line":31},"1":{"loc":{"start":{"line":34,"column":13},"end":{"line":34,"column":30}},"type":"binary-expr","locations":[{"start":{"line":34,"column":13},"end":{"line":34,"column":23}},{"start":{"line":34,"column":27},"end":{"line":34,"column":30}}],"line":34}},"s":{"0":1,"1":1,"2":1,"3":1,"4":1,"5":1,"6":1,"7":1,"8":1,"9":1,"10":1,"11":1,"12":1,"13":1,"14":1,"15":1,"16":0,"17":0,"18":0,"19":1,"20":0,"21":0,"22":0,"23":0,"24":0,"25":1},"f":{"0":0,"1":0},"b":{"0":[0,0],"1":[0,0]},"_coverageSchema":"332fd63041d2c1bcb487cc26dd0d5f7d97098a6c","hash":"2822bf0d82cee0eed1cb58fd7ca98c9b759ea32a"}
,"C:\\Users\\benjamin.pk.ang\\Code\\express-url-shortener\\demo\\decode.js": {"path":"C:\\Users\\benjamin.pk.ang\\Code\\express-url-shortener\\demo\\decode.js","statementMap":{"0":{"start":{"line":1,"column":13},"end":{"line":1,"column":28}},"1":{"start":{"line":4,"column":23},"end":{"line":4,"column":68}},"2":{"start":{"line":4,"column":46},"end":{"line":4,"column":67}},"3":{"start":{"line":6,"column":2},"end":{"line":8,"column":3}},"4":{"start":{"line":7,"column":4},"end":{"line":7,"column":60}},"5":{"start":{"line":10,"column":2},"end":{"line":10,"column":65}},"6":{"start":{"line":10,"column":39},"end":{"line":10,"column":60}},"7":{"start":{"line":11,"column":2},"end":{"line":11,"column":25}},"8":{"start":{"line":14,"column":0},"end":{"line":14,"column":24}}},"fnMap":{"0":{"name":"decode","decl":{"start":{"line":3,"column":9},"end":{"line":3,"column":15}},"loc":{"start":{"line":3,"column":28},"end":{"line":12,"column":1}},"line":3},"1":{"name":"(anonymous_1)","decl":{"start":{"line":4,"column":35},"end":{"line":4,"column":36}},"loc":{"start":{"line":4,"column":46},"end":{"line":4,"column":67}},"line":4},"2":{"name":"(anonymous_2)","decl":{"start":{"line":10,"column":28},"end":{"line":10,"column":29}},"loc":{"start":{"line":10,"column":39},"end":{"line":10,"column":60}},"line":10}},"branchMap":{"0":{"loc":{"start":{"line":6,"column":2},"end":{"line":8,"column":3}},"type":"if","locations":[{"start":{"line":6,"column":2},"end":{"line":8,"column":3}},{"start":{"line":6,"column":2},"end":{"line":8,"column":3}}],"line":6}},"s":{"0":2,"1":4,"2":8,"3":4,"4":1,"5":3,"6":6,"7":3,"8":2},"f":{"0":4,"1":8,"2":6},"b":{"0":[1,3]},"_coverageSchema":"332fd63041d2c1bcb487cc26dd0d5f7d97098a6c","hash":"2a9fa3cd30dd221c0f2015742c7d534f7dddf9f1"}
,"C:\\Users\\benjamin.pk.ang\\Code\\express-url-shortener\\demo\\encode.js": {"path":"C:\\Users\\benjamin.pk.ang\\Code\\express-url-shortener\\demo\\encode.js","statementMap":{"0":{"start":{"line":1,"column":13},"end":{"line":1,"column":28}},"1":{"start":{"line":4,"column":23},"end":{"line":4,"column":66}},"2":{"start":{"line":4,"column":46},"end":{"line":4,"column":65}},"3":{"start":{"line":6,"column":2},"end":{"line":8,"column":46}},"4":{"start":{"line":11,"column":0},"end":{"line":11,"column":24}}},"fnMap":{"0":{"name":"encode","decl":{"start":{"line":3,"column":9},"end":{"line":3,"column":15}},"loc":{"start":{"line":3,"column":27},"end":{"line":9,"column":1}},"line":3},"1":{"name":"(anonymous_1)","decl":{"start":{"line":4,"column":35},"end":{"line":4,"column":36}},"loc":{"start":{"line":4,"column":46},"end":{"line":4,"column":65}},"line":4}},"branchMap":{"0":{"loc":{"start":{"line":6,"column":9},"end":{"line":8,"column":45}},"type":"cond-expr","locations":[{"start":{"line":7,"column":6},"end":{"line":7,"column":26}},{"start":{"line":8,"column":7},"end":{"line":8,"column":44}}],"line":6}},"s":{"0":2,"1":5,"2":10,"3":5,"4":2},"f":{"0":5,"1":10},"b":{"0":[1,4]},"_coverageSchema":"332fd63041d2c1bcb487cc26dd0d5f7d97098a6c","hash":"c91e567d6ad058560bfa7029dcc603370d073311"}
,"C:\\Users\\benjamin.pk.ang\\Code\\express-url-shortener\\model\\URL_model.js": {"path":"C:\\Users\\benjamin.pk.ang\\Code\\express-url-shortener\\model\\URL_model.js","statementMap":{"0":{"start":{"line":1,"column":17},"end":{"line":1,"column":36}},"1":{"start":{"line":3,"column":18},"end":{"line":11,"column":2}},"2":{"start":{"line":13,"column":12},"end":{"line":13,"column":44}},"3":{"start":{"line":15,"column":0},"end":{"line":15,"column":21}}},"fnMap":{},"branchMap":{},"s":{"0":1,"1":1,"2":1,"3":1},"f":{},"b":{},"_coverageSchema":"332fd63041d2c1bcb487cc26dd0d5f7d97098a6c","hash":"ba939de795b64fd1816d56cc028df4c37374c99d"}
,"C:\\Users\\benjamin.pk.ang\\Code\\express-url-shortener\\routes\\expandURL.js": {"path":"C:\\Users\\benjamin.pk.ang\\Code\\express-url-shortener\\routes\\expandURL.js","statementMap":{"0":{"start":{"line":1,"column":16},"end":{"line":1,"column":34}},"1":{"start":{"line":2,"column":15},"end":{"line":2,"column":31}},"2":{"start":{"line":3,"column":15},"end":{"line":3,"column":40}},"3":{"start":{"line":4,"column":17},"end":{"line":4,"column":46}},"4":{"start":{"line":6,"column":0},"end":{"line":24,"column":3}},"5":{"start":{"line":7,"column":20},"end":{"line":7,"column":37}},"6":{"start":{"line":9,"column":2},"end":{"line":23,"column":3}},"7":{"start":{"line":10,"column":24},"end":{"line":12,"column":6}},"8":{"start":{"line":11,"column":6},"end":{"line":11,"column":17}},"9":{"start":{"line":14,"column":16},"end":{"line":14,"column":46}},"10":{"start":{"line":15,"column":4},"end":{"line":15,"column":25}},"11":{"start":{"line":17,"column":4},"end":{"line":17,"column":32}},"12":{"start":{"line":19,"column":4},"end":{"line":19,"column":25}},"13":{"start":{"line":20,"column":4},"end":{"line":22,"column":7}},"14":{"start":{"line":26,"column":0},"end":{"line":26,"column":24}}},"fnMap":{"0":{"name":"(anonymous_0)","decl":{"start":{"line":6,"column":17},"end":{"line":6,"column":18}},"loc":{"start":{"line":6,"column":51},"end":{"line":24,"column":1}},"line":6},"1":{"name":"(anonymous_1)","decl":{"start":{"line":10,"column":48},"end":{"line":10,"column":49}},"loc":{"start":{"line":10,"column":62},"end":{"line":12,"column":5}},"line":10}},"branchMap":{},"s":{"0":1,"1":1,"2":1,"3":1,"4":1,"5":0,"6":0,"7":0,"8":0,"9":0,"10":0,"11":0,"12":0,"13":0,"14":1},"f":{"0":0,"1":0},"b":{},"_coverageSchema":"332fd63041d2c1bcb487cc26dd0d5f7d97098a6c","hash":"8125da1b56a63b9b147ed5a4c06a66d7eb48897a"}
,"C:\\Users\\benjamin.pk.ang\\Code\\express-url-shortener\\routes\\getHash.js": {"path":"C:\\Users\\benjamin.pk.ang\\Code\\express-url-shortener\\routes\\getHash.js","statementMap":{"0":{"start":{"line":1,"column":16},"end":{"line":1,"column":34}},"1":{"start":{"line":2,"column":15},"end":{"line":2,"column":31}},"2":{"start":{"line":3,"column":15},"end":{"line":3,"column":40}},"3":{"start":{"line":4,"column":17},"end":{"line":4,"column":46}},"4":{"start":{"line":7,"column":0},"end":{"line":22,"column":3}},"5":{"start":{"line":8,"column":2},"end":{"line":21,"column":3}},"6":{"start":{"line":9,"column":20},"end":{"line":9,"column":43}},"7":{"start":{"line":10,"column":24},"end":{"line":12,"column":6}},"8":{"start":{"line":11,"column":6},"end":{"line":11,"column":17}},"9":{"start":{"line":14,"column":4},"end":{"line":14,"column":25}},"10":{"start":{"line":15,"column":4},"end":{"line":15,"column":64}},"11":{"start":{"line":17,"column":4},"end":{"line":17,"column":25}},"12":{"start":{"line":18,"column":4},"end":{"line":20,"column":7}},"13":{"start":{"line":24,"column":0},"end":{"line":24,"column":24}}},"fnMap":{"0":{"name":"(anonymous_0)","decl":{"start":{"line":7,"column":25},"end":{"line":7,"column":26}},"loc":{"start":{"line":7,"column":59},"end":{"line":22,"column":1}},"line":7},"1":{"name":"(anonymous_1)","decl":{"start":{"line":10,"column":48},"end":{"line":10,"column":49}},"loc":{"start":{"line":10,"column":62},"end":{"line":12,"column":5}},"line":10}},"branchMap":{},"s":{"0":1,"1":1,"2":1,"3":1,"4":1,"5":0,"6":0,"7":0,"8":0,"9":0,"10":0,"11":0,"12":0,"13":1},"f":{"0":0,"1":0},"b":{},"_coverageSchema":"332fd63041d2c1bcb487cc26dd0d5f7d97098a6c","hash":"c77f89c6e3b368687872b0fc2f86947c407314e3"}
,"C:\\Users\\benjamin.pk.ang\\Code\\express-url-shortener\\routes\\shortenURL.js": {"path":"C:\\Users\\benjamin.pk.ang\\Code\\express-url-shortener\\routes\\shortenURL.js","statementMap":{"0":{"start":{"line":1,"column":16},"end":{"line":1,"column":34}},"1":{"start":{"line":2,"column":15},"end":{"line":2,"column":31}},"2":{"start":{"line":3,"column":12},"end":{"line":3,"column":41}},"3":{"start":{"line":4,"column":14},"end":{"line":4,"column":30}},"4":{"start":{"line":5,"column":15},"end":{"line":5,"column":40}},"5":{"start":{"line":7,"column":0},"end":{"line":39,"column":3}},"6":{"start":{"line":8,"column":2},"end":{"line":38,"column":3}},"7":{"start":{"line":9,"column":4},"end":{"line":34,"column":7}},"8":{"start":{"line":10,"column":6},"end":{"line":33,"column":7}},"9":{"start":{"line":11,"column":8},"end":{"line":11,"column":29}},"10":{"start":{"line":12,"column":8},"end":{"line":12,"column":50}},"11":{"start":{"line":14,"column":8},"end":{"line":14,"column":29}},"12":{"start":{"line":15,"column":26},"end":{"line":15,"column":70}},"13":{"start":{"line":17,"column":8},"end":{"line":32,"column":9}},"14":{"start":{"line":18,"column":10},"end":{"line":18,"column":51}},"15":{"start":{"line":20,"column":25},"end":{"line":28,"column":12}},"16":{"start":{"line":25,"column":16},"end":{"line":25,"column":30}},"17":{"start":{"line":29,"column":10},"end":{"line":29,"column":30}},"18":{"start":{"line":31,"column":10},"end":{"line":31,"column":50}},"19":{"start":{"line":36,"column":4},"end":{"line":36,"column":25}},"20":{"start":{"line":37,"column":4},"end":{"line":37,"column":14}},"21":{"start":{"line":41,"column":0},"end":{"line":41,"column":24}}},"fnMap":{"0":{"name":"(anonymous_0)","decl":{"start":{"line":7,"column":17},"end":{"line":7,"column":18}},"loc":{"start":{"line":7,"column":52},"end":{"line":39,"column":1}},"line":7},"1":{"name":"(anonymous_1)","decl":{"start":{"line":9,"column":49},"end":{"line":9,"column":50}},"loc":{"start":{"line":9,"column":78},"end":{"line":34,"column":5}},"line":9},"2":{"name":"(anonymous_2)","decl":{"start":{"line":24,"column":33},"end":{"line":24,"column":34}},"loc":{"start":{"line":24,"column":43},"end":{"line":26,"column":15}},"line":24}},"branchMap":{"0":{"loc":{"start":{"line":10,"column":6},"end":{"line":33,"column":7}},"type":"if","locations":[{"start":{"line":10,"column":6},"end":{"line":33,"column":7}},{"start":{"line":10,"column":6},"end":{"line":33,"column":7}}],"line":10},"1":{"loc":{"start":{"line":17,"column":8},"end":{"line":32,"column":9}},"type":"if","locations":[{"start":{"line":17,"column":8},"end":{"line":32,"column":9}},{"start":{"line":17,"column":8},"end":{"line":32,"column":9}}],"line":17}},"s":{"0":1,"1":1,"2":1,"3":1,"4":1,"5":1,"6":0,"7":0,"8":0,"9":0,"10":0,"11":0,"12":0,"13":0,"14":0,"15":0,"16":0,"17":0,"18":0,"19":0,"20":0,"21":1},"f":{"0":0,"1":0,"2":0},"b":{"0":[0,0],"1":[0,0]},"_coverageSchema":"332fd63041d2c1bcb487cc26dd0d5f7d97098a6c","hash":"903a88542b71c4818882d300c8c28a665edeba0b"}
,"C:\\Users\\benjamin.pk.ang\\Code\\express-url-shortener\\routes\\showURL.js": {"path":"C:\\Users\\benjamin.pk.ang\\Code\\express-url-shortener\\routes\\showURL.js","statementMap":{"0":{"start":{"line":1,"column":12},"end":{"line":1,"column":41}},"1":{"start":{"line":2,"column":16},"end":{"line":2,"column":34}},"2":{"start":{"line":3,"column":15},"end":{"line":3,"column":31}},"3":{"start":{"line":5,"column":0},"end":{"line":12,"column":3}},"4":{"start":{"line":6,"column":2},"end":{"line":11,"column":3}},"5":{"start":{"line":7,"column":17},"end":{"line":7,"column":35}},"6":{"start":{"line":8,"column":4},"end":{"line":8,"column":33}},"7":{"start":{"line":10,"column":4},"end":{"line":10,"column":14}},"8":{"start":{"line":14,"column":0},"end":{"line":14,"column":24}}},"fnMap":{"0":{"name":"(anonymous_0)","decl":{"start":{"line":5,"column":16},"end":{"line":5,"column":17}},"loc":{"start":{"line":5,"column":51},"end":{"line":12,"column":1}},"line":5}},"branchMap":{},"s":{"0":1,"1":1,"2":1,"3":1,"4":0,"5":0,"6":0,"7":0,"8":1},"f":{"0":0},"b":{},"_coverageSchema":"332fd63041d2c1bcb487cc26dd0d5f7d97098a6c","hash":"0a59e207126b18e078ab61ceb948980e00adb379"}
}
