TN:
SF:C:\Users\benjamin.pk.ang\Code\express-url-shortener\app.js
FN:21,(anonymous_0)
FN:28,(anonymous_1)
FNF:2
FNH:0
FNDA:0,(anonymous_0)
FNDA:0,(anonymous_1)
DA:1,1
DA:2,1
DA:3,1
DA:4,1
DA:5,1
DA:6,1
DA:7,1
DA:10,1
DA:11,1
DA:13,1
DA:14,1
DA:15,1
DA:16,1
DA:17,1
DA:18,1
DA:21,1
DA:22,0
DA:23,0
DA:24,0
DA:28,1
DA:30,0
DA:31,0
DA:34,0
DA:35,0
DA:36,0
DA:39,1
LF:26
LH:18
BRDA:31,0,0,0
BRDA:31,0,1,0
BRDA:34,1,0,0
BRDA:34,1,1,0
BRF:4
BRH:0
end_of_record
TN:
SF:C:\Users\benjamin.pk.ang\Code\express-url-shortener\demo\decode.js
FN:3,decode
FN:4,(anonymous_1)
FN:10,(anonymous_2)
FNF:3
FNH:3
FNDA:4,decode
FNDA:8,(anonymous_1)
FNDA:6,(anonymous_2)
DA:1,2
DA:4,8
DA:6,4
DA:7,1
DA:10,6
DA:11,3
DA:14,2
LF:7
LH:7
BRDA:6,0,0,1
BRDA:6,0,1,3
BRF:2
BRH:2
end_of_record
TN:
SF:C:\Users\benjamin.pk.ang\Code\express-url-shortener\demo\encode.js
FN:3,encode
FN:4,(anonymous_1)
FNF:2
FNH:2
FNDA:5,encode
FNDA:10,(anonymous_1)
DA:1,2
DA:4,10
DA:6,5
DA:11,2
LF:4
LH:4
BRDA:6,0,0,1
BRDA:6,0,1,4
BRF:2
BRH:2
end_of_record
TN:
SF:C:\Users\benjamin.pk.ang\Code\express-url-shortener\model\URL_model.js
FNF:0
FNH:0
DA:1,1
DA:3,1
DA:13,1
DA:15,1
LF:4
LH:4
BRF:0
BRH:0
end_of_record
TN:
SF:C:\Users\benjamin.pk.ang\Code\express-url-shortener\routes\expandURL.js
FN:6,(anonymous_0)
FN:10,(anonymous_1)
FNF:2
FNH:0
FNDA:0,(anonymous_0)
FNDA:0,(anonymous_1)
DA:1,1
DA:2,1
DA:3,1
DA:4,1
DA:6,1
DA:7,0
DA:9,0
DA:10,0
DA:11,0
DA:14,0
DA:15,0
DA:17,0
DA:19,0
DA:20,0
DA:26,1
LF:15
LH:6
BRF:0
BRH:0
end_of_record
TN:
SF:C:\Users\benjamin.pk.ang\Code\express-url-shortener\routes\getHash.js
FN:7,(anonymous_0)
FN:10,(anonymous_1)
FNF:2
FNH:0
FNDA:0,(anonymous_0)
FNDA:0,(anonymous_1)
DA:1,1
DA:2,1
DA:3,1
DA:4,1
DA:7,1
DA:8,0
DA:9,0
DA:10,0
DA:11,0
DA:14,0
DA:15,0
DA:17,0
DA:18,0
DA:24,1
LF:14
LH:6
BRF:0
BRH:0
end_of_record
TN:
SF:C:\Users\benjamin.pk.ang\Code\express-url-shortener\routes\shortenURL.js
FN:7,(anonymous_0)
FN:9,(anonymous_1)
FN:24,(anonymous_2)
FNF:3
FNH:0
FNDA:0,(anonymous_0)
FNDA:0,(anonymous_1)
FNDA:0,(anonymous_2)
DA:1,1
DA:2,1
DA:3,1
DA:4,1
DA:5,1
DA:7,1
DA:8,0
DA:9,0
DA:10,0
DA:11,0
DA:12,0
DA:14,0
DA:15,0
DA:17,0
DA:18,0
DA:20,0
DA:25,0
DA:29,0
DA:31,0
DA:36,0
DA:37,0
DA:41,1
LF:22
LH:7
BRDA:10,0,0,0
BRDA:10,0,1,0
BRDA:17,1,0,0
BRDA:17,1,1,0
BRF:4
BRH:0
end_of_record
TN:
SF:C:\Users\benjamin.pk.ang\Code\express-url-shortener\routes\showURL.js
FN:5,(anonymous_0)
FNF:1
FNH:0
FNDA:0,(anonymous_0)
DA:1,1
DA:2,1
DA:3,1
DA:5,1
DA:6,0
DA:7,0
DA:8,0
DA:10,0
DA:14,1
LF:9
LH:5
BRF:0
BRH:0
end_of_record
